<?xml version="1.0" encoding="UTF-8"?>
<!-- Generated by org.testng.reporters.JUnitXMLReporter -->
<testsuite hostname="LAPTOP-N0G0NBDP" ignored="0" name="TestNGScripts" tests="4" failures="0" timestamp="21 Mar 2021 17:56:53 GMT" time="28.775" errors="0">
  <testcase name="SearchboxTest" time="4.953" classname="com.qa.testcases.Testcase1"/>
  <testcase name="mainPageTest" time="4.547" classname="com.qa.testcases.Testcase1"/>
  <testcase name="CreateAccountPageTest" time="6.166" classname="com.qa.testcases.Testcase1"/>
  <testcase name="dropdownTest" time="5.594" classname="com.qa.testcases.Testcase1"/>
</testsuite> <!-- TestNGScripts -->
