<?xml version="1.0" encoding="UTF-8"?>
<!-- Generated by org.testng.reporters.JUnitXMLReporter -->
<testsuite hostname="LAPTOP-N0G0NBDP" ignored="0" name="TestNGScripts" tests="4" failures="0" timestamp="21 Mar 2021 17:55:26 GMT" time="27.628" errors="0">
  <testcase name="SearchboxTest" time="5.322" classname="com.qa.testcases.Testcase1"/>
  <testcase name="mainPageTest" time="4.295" classname="com.qa.testcases.Testcase1"/>
  <testcase name="CreateAccountPageTest" time="6.037" classname="com.qa.testcases.Testcase1"/>
  <testcase name="dropdownTest" time="5.488" classname="com.qa.testcases.Testcase1"/>
</testsuite> <!-- TestNGScripts -->
