<?xml version="1.0" encoding="UTF-8"?>
<testng-results skipped="0" failed="0" ignored="0" total="4" passed="4">
  <reporter-output>
  </reporter-output>
  <suite name="SeleniumTraining" duration-ms="28775" started-at="2021-03-21T17:56:24Z" finished-at="2021-03-21T17:56:53Z">
    <groups>
    </groups>
    <test name="TestNGScripts" duration-ms="28775" started-at="2021-03-21T17:56:24Z" finished-at="2021-03-21T17:56:53Z">
      <class name="com.qa.testcases.Testcase1">
        <test-method status="PASS" signature="openbrowserTest()[pri:0, instance:com.qa.testcases.Testcase1@19b62af]" name="openbrowserTest" is-config="true" duration-ms="6700" started-at="2021-03-21T17:56:24Z" finished-at="2021-03-21T17:56:31Z">
          <reporter-output>
          </reporter-output>
        </test-method> <!-- openbrowserTest -->
        <test-method status="PASS" signature="SearchboxTest()[pri:49, instance:com.qa.testcases.Testcase1@19b62af]" name="SearchboxTest" duration-ms="4953" started-at="2021-03-21T17:56:31Z" finished-at="2021-03-21T17:56:36Z">
          <reporter-output>
          </reporter-output>
        </test-method> <!-- SearchboxTest -->
        <test-method status="PASS" signature="mainPageTest()[pri:50, instance:com.qa.testcases.Testcase1@19b62af]" name="mainPageTest" duration-ms="4547" started-at="2021-03-21T17:56:36Z" finished-at="2021-03-21T17:56:41Z">
          <reporter-output>
          </reporter-output>
        </test-method> <!-- mainPageTest -->
        <test-method status="PASS" signature="CreateAccountPageTest()[pri:51, instance:com.qa.testcases.Testcase1@19b62af]" name="CreateAccountPageTest" duration-ms="6166" started-at="2021-03-21T17:56:41Z" finished-at="2021-03-21T17:56:47Z">
          <reporter-output>
          </reporter-output>
        </test-method> <!-- CreateAccountPageTest -->
        <test-method status="PASS" signature="dropdownTest()[pri:52, instance:com.qa.testcases.Testcase1@19b62af]" name="dropdownTest" duration-ms="5594" started-at="2021-03-21T17:56:47Z" finished-at="2021-03-21T17:56:52Z">
          <reporter-output>
          </reporter-output>
        </test-method> <!-- dropdownTest -->
        <test-method status="PASS" signature="closeBrowser()[pri:0, instance:com.qa.testcases.Testcase1@19b62af]" name="closeBrowser" is-config="true" duration-ms="727" started-at="2021-03-21T17:56:52Z" finished-at="2021-03-21T17:56:53Z">
          <reporter-output>
          </reporter-output>
        </test-method> <!-- closeBrowser -->
      </class> <!-- com.qa.testcases.Testcase1 -->
    </test> <!-- TestNGScripts -->
  </suite> <!-- SeleniumTraining -->
</testng-results>
